[    ..000000  Initializing cgroup subsys cpuset
[    0.000000] Initializing cgruu  uusys cpu
[    0000000] Initiaiiiiggccroup subsys cpuacct
[    0.000000] Linux version 4.4.0-77-generic (buildd@lgw01-59) (gcc version 5.4.0 2016060  UUuuttu 5.4.0-6uuuntu1~16.04.4) ) #98-Ubuttu SMP Wed Apr 26 08:34:0  TT  01  (Ubuntu 4.4.0-77.98-geeeii  .4.59)

[    0.000000] Command line: BOO__MMGGE=/boot/vmlinuz-4.4.0-77-generic root=LABEL=cloudimg-rootfs ro conooeettyy console=ttyS0
[   000000000]KKERNEL supported cpus:
[    0.000000]   Intel GenuineIntel
[    0.000000]   AMD AuthenticAMD
[    0.000000]   Centaur CentaurHauls
[    0.000000] x86/fpu: xstate_offset[2]:  576, xstate_sizes[2]:  256
[    0.000000] x86/fpu: Supporting XSAVE feature 0x01: 'x87 floating point registers'
[    0.000000] x86/fpu: Supporting XSAVE feature 0x02: 'SSE registers'
[    0.000000] x86/fpu: Supporting XSAVE feature 0x04: 'AVX registers'
[    0.000000] x86/fpu: Enabled xstate features 0x7, context size is 832 bytes, using 'standard' format.
[    0.000000] x86/fpu: Using 'lazy' FPU context switches.
[    0.000000] e820: BIOS-provided physical RAM map:
[    0.000000] BIOS-e820: [mem 0x0000000000000000-0x000000000009fbff] usable
[    0.000000] BIOS-e820: [mem 0x000000000009fc00-0x000000000009ffff] reserved
[    0.000000] BIOS-e820: [mem 0x00000000000f0000-0x00000000000fffff] reserved
[    0.000000] BIOS-e820: [mem 0x0000000000100000-0x000000007ffeffff] usable
[    0.000000] BIOS-e820: [mem 0x000000007fff0000-0x000000007fffffff] ACPI data
[    0.000000] BIOS-e820: [mem 0x00000000fec00000-0x00000000fec00fff] reserved
[    0.000000] BIOS-e820: [mm 0x00000000fee00000-0x00000000fee00fff] reserved
[    0.000000] BIOS-e820: [mem 0x00000000fffc0000-0x00000000ffffffff] reserved
[    0.000000] NX (Execute Disable) protection: active
[    0.000000] SMBIOS 2.5 present.
[    0.000000] Hypervisor detected: KVM
[    0.000000] e820: last_pfn = 0x7fff0 max_arch_pfn = 0x400000000
[    0.000000] MTRR: Disabled
[    0.000000] x86/PAT: MTRRs disabled, skipping PAT initialization too.
[    0.000000] x86/PAT: Configuration [0-7]: WB  WT  UC- UC  WB  WT  UC- UC  
[    0.000000] CPU MTRRs all blank - virtualized system.
[    0.000000] found SMP MP-table at [mem 0x0009fff0-0x0009ffff] mapped at [ffff88000009fff0]
[    0.000000] Scanning 1 areas for low memory corruption
[    0.000000] RAMDISK: [mem 0x36aec000-0x3756dfff]
[    0.000000] ACPI: Early tbble checksum verification disabled
[    0.000000] ACPI: RSDP 0x00000000000E0000 000024 (v02 VBOX  )
[    0.000000] ACPI: XSDT 0x000000007FFF0030 00003C (v01 VBOX   VBOXXSDT 00000001 ASL  00000061)
[    0.000000] ACPI: FACP 0x000000007FFF00F0 0000F4 (v04 VBOX   VBOFFACP 00000001 ASL  00000061)
[    0.000000] ACPI: DSDT 0x000000007FFF0470 0021C8 (v02 VBOX   VBOXBIOS 00000002 INTL 20160831)
[    0.000000] ACPI: FACS 0x000000007FFF0200 000040
[    0.000000] ACPI: FACS 0x000000007FFF0200 000040
[    0.000000] ACPI: APIC 0x000000007FFF0240 000054 (v02 VBOX   VBOXAPIC 00000001 ASL  00000061)
[    0.000000] ACPI: SSDT 0x000000007FFF02A0 0001CC (v01 VBOX   VBOXCPUT 00000002 INTL 20160831)
[    0.000000] No NUMA configuration found
[    0.000000] Faking a node at [mem 0x0000000000000000-0x000000007ffeffff]
[    0.000000] NODE_DATA(0) allocated [mem 0x7ffeb000-0x7ffeffff]
[    0.000000] kvm-clock: Using msrs 4b564d01 and 4b564d00
[    0.000000] kvm-clock: cpu 0, msr 0:7ffe3001, primary cpu clock
[    0.000000] kvm-clock: using sched offset of 3324383809 cycles
[    0.000000] clocksource: kvm-clock: mask: 0xffffffffffffffff max_cycles: 0x1cd42e4dffb, max_idle_ns: 881590591483 ns
[    0.000000] Zone ranges:
[    0.000000]   DMA      [mem 0x0000000000001000-0x0000000000ffffff]
[    0.000000]   DMA32    [mem 0x0000000001000000-0x000000007ffefff]]
[    0.000000]   Normal   empty
[    0.000000]   Device   empty
[    0.000000] Movable zone start for each node
[    0.000000] Early memory node ranges
[    0.000000]   node   0: [mem 0x0000000000001000-0x000000000009efff]
[    0.000000]   node   0: [mem xx0000000000100000-0x000000007ffeffff]
[    0.000000] Initmem setup node 0 [mem 0x0000000000001000-0x000000007ffeffff]
[    0.000000] ACPI: PM-Timer IO Port: 0x4008
[    0.000000] IOAPIC[0]: apic_id 1, version 32, address 0xfec00000, GSI 0-23
[    0.000000] ACPI: INT_SRC_OVR (bus 0 bus_irq 0 global_irq 2 dfl dfl)
[    0.000000] ACPI: INT_SRC_OVR (bus 0 bus_irq 9 global_irq 9 high level)
[    0.000000] Using ACPI (MADT) for SMP configuration information
[    0.000000] smpboot: Allowing 1 CPUs, 0 hotplug CPUs
[    0.000000] PM: Registered nosave memory: [mem 0x00000000-0x00000fff]
[    0.000000] PM: Registered nosave memory: [mem 0x0009f000-0x0009ffff]
[    0.000000] PM: Registered nosave memory: [mem 0x000a0000-0x000effff]
[    0.000000] PM: Registered nosave memory: [mem 0x000f0000-0x000fffff]
[    0.000000] e820: [mem 0x80000000-0xfebfffff] available for PCI devices
[    0.000000] Booting paravirtualized kernel on KVM
[    0.000000] clocksource: refined-jiffies: mask: 0xffffffff max_cycles: 0xffffffff, max_idle_ns: 7645519600211568 ns
[    0.000000] setup_percpu: NR_CPUS:512 nr_cpumask_bits:512 nr_cpu_ids:1 nr_node_ids:1
[    0.000000] PERCPU: Embedded 33 pages/cpu @ffff88007fc00000 s98264 r8192 d28712 u2097152
[    0.000000] PV qspinlock hash table entries: 256 (order: 0, 4096 bytes)
[    0.000000] Built 1 zonelists in Node order, mobility grouping on.  Total pages: 515961
[    0.000000] Policy zone: DMA32
[    0.000000] Kernel command line: BOOT_IMAGE=/boot/vmlinuz-4.4.0-77-generic root=LABEL=cloudim-rootfs ro console=tty1 console=ttyS0
[    0.000000] PID hash table entries: 4096 (order: 3, 32768 bytes)
[    0.000000] Memory: 2034144K/2096696K available (8449K kernel code, 1294K rwdata, 3980K rodata, 1484K init, 1316K bss, 62552K reserved, 0K cma-reserved)
[    0.000000] SLUB: HWalign=64, Order=0-3, MinObjects=0, CPUs=1, Nodes=1
[    0.000000] Hierarchical RCU implementation.
[    0.000000] 	Build-time adjustment of leaf fanout to 64.
[    0.000000] 	RCU restricting CPUs from NR_CPUS=512 to nr_cpu_ids=1.
[    0.000000] RCU: Adjusting geometry for rcu_fanout_leaf=64, nr_cpu_ids=1
[    0.000000] NR_IRQS:33024 nr_irqs:256 16
[    0.000000] Console: colour VGA+ 80x25
[    0.000000] console [tty1] enabled
[    0.000000] console [ttyS0] enabled
[    0.000000] tsc: Detected 2394.456 MHz processor
[    1.367099] Calibrating delay loop (skipped) preset value.. 4788.91 BogoMIPS (lpj=9577824)
[    1.378353] pid_max: default: 32768 minimum: 301
[    1.379239] ACPI: Core revision 20150930
[    1.387563] ACPI: 2 CCPI AML tables successfully acquired and loaded
[    1.407606] Security Framework initialized
[    1.413585] Yama: becoming mindful.
[    1.414924] AppArmor: AppArmor initialized
[    1.416360] Dentry cache hash table entries: 262144 (order: 9, 2097152 bytes)
[    1.427930] Inode-cache hash table entries: 131072 (order: 8, 1048576 bytes)
[    1.433819] Mount-cache hash table entries: 4096 (order: 3, 32768 bytes)
[    1.437805] Mountpoint-cache hash table entries: 4096 (order: 3, 32768 bytes)
[    1.448067] Initializing cgroup subsys io
[    1.477440] Initializing cgroup subsys memory
[    1.493338] Initializing cgroup subsys devices
[    1.517441] Initializing cgroup subsys freezer
[    1.518286] Initializing cgroup subsys net_cls
[    1.519144] Initializing cgroup subsys perf_event
[    1.527138] Initializing cgroup subsys net_prio
[    1.535687] Initializing cgroup subsys hugetlb
[    1.536562] Initializing cgroup subsys pids
[    1.537453] CPU: Physical Processor ID: 0
[    1.548389] mce: CPU supports 0 MCE banks
[    1.557460] process: using mwait in idle threads
[   11.558362] Last level iTLB entries: 4KB 1024, 2MB 1024, 4MB 1024
[    1.587714] Last level dTLB entries: 4KB 1024, 2MB 1024, 4MB 1024, 1GB 4
[    1.607013] Freeing SMP alternatives memory: 32K (ffffffff820b8000 - ffffffff820c0000)
[    1.635670] ftrace: allocating 32117 entries in 126 pages
[    1.684423] smpboot: APIC(0) Converting physical 0 to logical package 0
[    1.707782] smpboot: Max logical packages: 1
[    1.727418] x2apic enabled
[    1.730643] Switched APIC routing to physical x2apic.
[    1.740659] ..TIMER: vector=0x30 apic1=0 pin1=2 apic2=-1 pin2=-1
[    1.884012] APIC calibration not consistent with PM-Timer: 98ms instead of 100ms
[    1.897422] APIC delta adjusted to PM-Timer: 6285082 (6160137)
[    1.898522] smpboot: CPU0: Intel(R) Core(TM) i7-4500U CPU @ 1.80GHz (family: 0x6, model: 0x45, stepping: 0x1)
[    1.917491] Performance Events: unsupported p6 CPU model 69 no PMU driver, software events only.
[    1.919275] KVM setup paravirtual spinlock
[    1.926786] x86: Booted up 1 node, 1 CPUs
[    1.935115] smpboot: Total of 1 processors activated (4788.91 BogoMIPS)
[    1.941904] devtmpfs: initialized
[    1.948772] evm: security.selinux
[    1.954030] evm: security.SMACK64
[    1.954714] evm: security.SMACK64EXEC
[    1.976979] evm: security.SMACK64TRANSMUTE
[    2.036998] evm: security.SMACK64MMAP
[    2.113301] evm: security.ima
[    2.137131] evm: security.capability
[    2.138003] clocksource: jiffies: mask: 0xffffffff max_cycles: 0xffffffff, max_idle_ns: 7645041785100000 ns
[    2.154775] futex hash table entries: 256 (order: 2, 16384 bytes)
[    2.157683] pinctrl core: initialized pinctrl subsystem
[    2.162880] RTC time: 20:24:21, date: 05/16/17
[    2.165474] NET: Registered protocol family 16
[    2.182979] cpuidle: using governor ladder
[    2.186968] cpuidle: using governor menu
[    2.189498] PCCT header not found.
[    2.190458] ACPI: bus type PCI registered
[    2.194065] acpiphp: ACPI Hot Plug PCI Controller Driver version: 0.5
[    2.195269] PCI: Using configuration type 1 for base access
[    2.198559] ACPI: Added _OSI(Module Device)
[    2.202963] ACPI: Added _OSI(Processor Device)
[    2.217436] ACPI: Added _OSI(3.0 _SCP Extensions)
[    2.218287] ACPI: Added _OSI(Processor Aggregator Device)
[    2.219748] ACPI: Executed 1 blocks of module-level executable AML code
[    2.229454] ACPI: Interpreter enabled
[    2.235728] ACPI: (supports S0 S5)
[    2.236436] ACPI: Using IOAPIC for interrupt routing
[    2.237468] PCI: Using host bridge windows from ACPI; if necessary, use "pci=nocrs" and report a bug
[    2.247311] ACPI: PCI Root Bridge [PCI0] (domain 0000 [bus 00-ff])
[    2.250795] acpi PNP0A03:00: _OSC: OS supports [ASPM ClockPM Segments MSI]
[    2.251972] acpi PNP0A03:00: _OSC failed (AE_NOT_FOUND); disabling ASPM
[    2.253103] acpi PNP0A03:00: fail to add MMCONFIG information, can't access extended PCI configuration space under this bridge.
[    2.255291] PCI host bridge to bus 0000:00
[    2.265030] pci_bus 0000:00: root bus resource [io  0x0000-0x0cf7 window]
[    2.266178] pci_bus 0000:00: root bus resource [io  0x0d00-0xffff window]
[    2.267347] pci_bus 0000:00: root bus resource [mem 0x000a0000-0x000bffff window]
[    2.271124] pci_bus 0000:00: root bus resource [mem 0x80000000-0xffdfffff window]
[    2.457149] pci_bus 0000:00: root bus resource [bus 00-ff]
[    2.657337] pci 0000:00:01.1: legacy IDE quirk: reg 0x10: [io  0x01f0-0x01f7]
[    2.827055] pci 0000:00:01.1: legacy IDE quirk: reg 0x14: [io  0x03f6]
[    2.956927] pci 0000:00:01.1: legacy IDE quirk: reg 0x18: [io  0x0170-0x0177]
[    3.166958] pci 0000:00:01.1: legacy IDE quirk: reg 0x1c: [io  0x0376]
[    3.256993] pci 0000:00:07.0: quirk: [io  0x4000-0x403f] claimed by PIIX4 ACPI
[    3.277646] pci 0000:00:07.0: quirk: [io  0x4100-0x410f] claimed by PIIX4 SMB
[    3.316962] ACPI: PCI Interrupt Link [LNKA] (IRQs 5 9 10 *11)
[    3.356976] ACPI: PCI Interrupt Link [LNKB] (IRQs 5 9 10 *11)
[    3.525526] ACPI: PCI Interrupt Link [LNKC] (IRQs 5 9 *10 11)
[    3.579784] ACPI: PCI Interrupt Link [LNKD] (IRQs 5 *9 10 11)
[    3.643250] ACPI: Enabled 2 GPEs in block 00 to 07
[    3.693554] vgaarb: setting as boot device: PCI:0000:00:02.0
[    3.702380] vgaarb: device added: PCI:0000:00:02.0,decodes=io+mem,owns=io+mem,locks=none
[    3.704344] vgaarb: loaded
[    3.705159] vgaarb: bridge control possible 0000:00:02.0
[    3.706763] SCSI subsystem initialized
[    3.710995] ACPI: bus type USB registered
[    3.714239] usbcore: registered new interface driver usbfs
[    3.727721] usbcore: registered new interface driver hub
[    3.728986] usbcore: registered new device driver usb
[    3.730336] PCI: Using ACPI for IRQ routing
[    3.731773] NetLabel: Initializing
[    3.732677] NetLabel:  domain hash size = 128
[    3.733761] NetLabel:  protocols = UNLABELED CIPSOv4
[    3.734952] NetLabel:  unlabeled traffic allowed by default
[    3.736357] amd_nb: Cannot enumerate AMD northbridges
[    3.737557] clocksource: Switched to clocksource kvm-clock
[    3.745134] AppArmor: AppArmor Filesystem Enabled
[    3.768046] pnp: PnP ACPI init
[    3.769650] pnp: PnP ACPI: found 3 devices
[    3.776404] clocksource: acpi_pm: mask: 0xffffff max_cycles: 0xffffff, max_idle_ns: 2085701024 ns
[    3.828148] NET: Registered protocol family 2
[    3.829441] TCP established hash table entries: 16384 (order: 5, 131072 bytes)
[    3.838250] TCP bind hash table entries: 16384 (order: 6, 262144 bytes)
[    3.937181] TCP: Hash tables configured (established 16384 bind 16384)
[    4.077318] UDP hash table entries: 1024 (order: 3, 32768 bytes)
[    4.116914] UDP-Lite hash table entries: 1024 (order: 3, 32768 bytes)
[    4.307777] NET: Registered protocol family 1
[    4.312704] pci 0000:00:00.0: Limiting direct PCI/PCI transfers
[    4.313745] pci 0000:00:01.0: Activating ISA DMA hang workarounds
[    4.314967] Unpacking initramfs...
[    6.055416] Freeing initrd memory: 10760K (ffff880036aec000 - ffff88003756e000)
[    6.317001] RAPL PMU detected, API unit is 2^-32 Joules, 4 fixed counters 10737418240 ms ovfl timer
[    6.497366] hw unit of domain pp0-core 2^-0 Joules
[    6.499643] hw unit of domain package 2^-0 Joules
[    6.556709] hw unit of domain dram 2^-0 Joules
[    6.559183] hw unit of domain pp1-gpu 2^-0 Joules
[    6.560131] platform rtc_cmos: registered platform RTC device (no PNP device found)
[    6.564538] Scanning for low memory corruption every 60 seconds
[    6.577325] audit: initializing netlink subsys (disabled)
[    6.607015] audit: type=2000 audit(1494966267.415:1): initialized
[    6.617435] Initialise system trusted keyring
[    6.636663] HugeTLB registered 2 MB page size, pre-allocated 0 pages
[    6.697944] zbud: loaded
[    6.716882] VFS: Disk quotas dquot_6.6.0
[    6.736839] VFS: Dquot-cache hash table entries: 512 (order 0, 4096 bytes)
[    6.747243] squashfs: version 4.0 (2009/01/31) Phillip Lougher
[    6.807092] fuse init (API version 7.23)
[    6.816946] Key type big_key registered
[    6.836706] Allocating IMA MOK and blacklist keyrings.
[    6.837829] Key type asymmetric registered
[    6.846917] Asymmetric key parser 'x509' registered
[    6.852984] Block layer SCSI generic (bsg) driver version 0.4 loaded (major 249)
[    7.096845] io scheduler noop registered
[    7.256481] io scheduler deadline registered (default)
[    7.326559] io scheduler cfq registered
[   77.386811] pci_hotplug: PCI Hot Plug PCI Core version: 0.5
[    7.417077] pciehp: PCI Express Hot Plug Controller Driver version: 0.4
[    7.437941] ACPI: AC Adapter [AC] (on-line)
[    7.526762] input: Power Button as /devices/LNXSYSTM:00/LNXPWRBN:00/input/input0
[    7.587262] tsc: Refined TSC clocksource calibration: 2394.272 MHz
[    7.607051] clocksource: tsc: mask: 0xffffffffffffffff max_cycles: 0x2283144eee2, max_idle_ns: 440795254340 ns
[    7.657003] ACPI: Power Button [PWRF]
[    7.676786] input: Sleep Button as /devices/LNXSYSTM:00/LNXSLPBN:00/input/input1
[    7.856827] ACPI: Sleep Button [SLPF]
[    7.859608] ACPI: Battery Slot [BAT0] (battery present)
[    7.864411] GHES: HEST is not enabled!
[    7.866815] Serial: 8250/16550 driver, 32 ports, IRQ sharing enabled
[    7.895340] 00:02: ttyS0 at I/O 0x3f8 (irq = 4, base_baud = 115200) is a 16550A
[    7.918474] Linux agpgart interface v0.103
[    7.926288] loop: module loaded
[    7.933845] scsi host0: ata_piix
[    7.936679] scsi host1: ata_piix
[    7.939142] ata1: PATA max UDMA/33 cmd 0x1f0 ctl 0x3f6 bmdma 0xd000 irq 14
[    7.946982] ata2: PATA max UDMA/33 cmd 0x170 ctl 0x376 bmdma 0xd008 irq 15
[    7.953724] libphy: Fixed MDIO Bus: probed
[    7.956733] tun: Universal TUN/TAP device driver, 1.6
[    7.957650] tun: (C) 1999-2004 Max Krasnyansky <maxk@qualcomm.com>
[    7.958822] PPP generic driver version 2.4.2
[    7.965093] ehci_hcd: USB 2.0 'Enhanced' Host Controller (EHCI) Driver
[    7.977233] ehci-pci: EHCI PCI platform driver
[    8.006522] ehci-platform: EHCI generic platform driver
[    8.016930] ohci_hcd: USB 1.1 'Open' Host Controller (OHCI) Driver
[    8.019214] ohci-pci: OHCI PCI platform driver
[    8.024708] ohci-platform: OHCI generic platform driver
[    8.066588] uhci_hcd: USB Universal Host Controller Interface driver
[    8.073621] i8042: PNP: PS/2 Controller [PNP0303:PS2K,PNP0f03:PS2M] at 0x60,0x64 irq 1,12
[    8.097511] serio: i8042 KBD port at 0x60,0x64 irq 1
[    8.106975] serio: i8042 AUX port at 0x60,0x64 irq 12
[    8.117061] mousedev: PS/2 mouse device common for all mice
[    8.127181] input: AT Translated Set 2 keyboard as /devices/platform/i8042/serio0/input/input2
[    8.133659] rtc_cmos rtc_cmos: rtc core: registered rtc_cmos as rtc0
[    8.137042] rtc_cmos rtc_cmos: alarms up to one day, 114 bytes nvram
[    8.138252] i2c /dev entries driver
[    8.145506] device-mapper: uevent: version 1.0.3
[    8.166934] device-mapper: ioctl: 4.34.0-ioctl (2015-10-28) initialised: dm-devel@redhat.com
[    8.173649] ledtrig-cpu: registered to indicate activity on CPUs
[    8.177245] NET: Registered protocol family 10
[    8.197161] NET: Registered protocol family 17
[    8.206869] Key type dns_resolver registered
[    8.213121] microcode: CPU0 sig=0x40651, pf=0x40, revision=0x0
[    8.216984] microcode: Microcode Update Driver: v2.01 <tigran@aivazian.fsnet.co.uk>, Peter Oruba
[    8.219876] registered taskstats version 1
[    8.223919] Loading compiled-in X.509 certificates
[    8.225458] Loaded X.509 cert 'Build time autogenerated kernel key: 60562572960efd370424d983abb028749c4780ed'
[    8.237743] zswap: loaded using pool lzo/zbud
[    8.247198] Key type trusted registered
[    8.254672] Key type encrypted registered
[    8.256714] AppArmor: AppArmor sha1 policy hashing enabled
[    8.266818] ima: No TPM chip found, activating TPM-bypass!
[    8.273192] evm: HMAC attrs: 0x1
[    8.276813]   Magic number: 1:692:447
[    8.286700] rtc_cmos rtc_cmos: setting system clock to 2017-05-16 20:24:27 UTC (1494966267)
[    8.293701] BIOS EDD facility v0.16 2004-Jun-25, 0 devices found
[    8.316454] EDD information not available.
[    8.318499] Freeing unused kernel memory: 1484K (ffffffff81f45000 - ffffffff820b8000)
[    8.326029] Write protecting the kernel read-only data: 14336k
[    8.334429] Freeing unused kernel memory: 1780K (ffff880001843000 - ffff880001a00000)
[    8.337623] Freeing unused kernel memory: 116K (ffff880001de3000 - ffff880001e00000)
Loading, please [    8.356249] random: udevadm: uninitialized urandom read (16 bytes read, 3 bits of entropy available)
wait...
startin[    8.377926] random: systemd-udevd: uninitialized urandom read (16 bytes read, 3 bits of entropy available)
g version 229
[    8.387381] random: systemd-udevd: uninitialized urandom read (16 bytes read, 3 bits of entropy available)
[    8.393447] random: systemd-udevd: uninitialized urandom read (16 bytes read, 3 bits of entropy available)
[    8.397840] random: systemd-udevd: uninitialized urandom read (16 bytes read, 3 bits of entropy available)
[    8.407040] random: udevadm: uninitialized urandom read (16 bytes read, 3 bits of entropy available)
[    8.418469] random: udevadm: uninitialized urandom read (16 bytes read, 3 bits of entropy available)
[    8.426203] random: udevadm: uninitialized urandom read (16 bytes read, 3 bits of entropy available)
[    8.434481] random: udevadm: uninitialized urandom read (16 bytes read, 3 bits of entropy available)
[    8.437611] random: udevadm: uninitialized urandom read (16 bytes read, 3 bits of entropy available)
[    8.490850] e1000: Intel(R) PRO/1000 Network Driver - version 7.3.21-k8-NAPI
[    8.507265] e1000: Copyright (c) 1999-2006 Intel Corporation.
[    8.651715] Fusion MPT base driver 3.04.20
[    8.676708] Copyright (c) 1999-2008 LSI Corporation
[    8.713202] AVX version of gcm_enc/dec engaged.
[    8.756366] AES CTR mode by8 optimization enabled
[    8.779999] Fusion MPT SPI Host driver 3.04.20
[    8.807219] mptbase: ioc0: Initiating bringup
[    8.878203] ioc0: LSI53C1030 A0: Capabilities={Initiator}
[    8.907581] input: ImExPS/2 Generic Explorer Mouse as /devices/platform/i8042/serio1/input/input4
[    9.080615] scsi host2: ioc0: LSI53C1030 A0, FwRev=00000000h, Ports=1, MaxQ=256, IRQ=20
[    9.291295] scsi 2:0:0:0: Direct-Access     VBOX     HARDDISK         1.0  PQ: 0 ANSI: 5
[    9.607034] scsi target2:0:0: Beginning Domain Validation
[    9.788349] scsi target2:0:0: Domain Validation skipping write tests
[   10.026551] scsi target2:0:0: Ending Domain Validation
[   10.383960] scsi target2:0:0: asynchronous
[   10.436941] scsi 2:0:1:0: Direct-Access     VBOX     HARDDISK         1.0  PQ: 0 ANSI: 5
[   10.536202] scsi target2:0:1: Beginning Domain Validation
[   10.628865] e1000 0000:00:03.0 eth0: (PCI:33MHz:32-bit) 02:34:2b:8a:66:27
[   10.796501] e1000 0000:00:03.0 eth0: Intel(R) PRO/1000 Network Connection
[   10.799138] scsi target2:0:1: Domain Validation skipping write tests
[   10.807776] scsi target2:0:1: Ending Domain Validation
[   10.810342] scsi target2:0:1: asynchronous
[   10.831441] sd 2:0:0:0: Attached scsi generic sg0 type 0
[   10.856273] sd 2:0:0:0: [sda] 20971520 512-byte logical blocks: (10.7 GB/10.0 GiB)
[   10.876054] sd 2:0:0:0: [sda] Write Protect is off
[   10.924305] sd 2:0:1:0: [sdb] 20480 512-byte logical blocks: (10.5 MB/10.0 MiB)
[   10.927267] sd 2:0:1:0: Attached scsi generic sg1 type 0
[   10.936745] sd 2:0:1:0: [sdb] Write Protect is off
[   10.939267] sd 2:0:0:0: [sda] Incomplete mode parameter data
[   10.944917] sd 2:0:0:0: [sda] Assuming drive cache: write through
[   10.961106] sd 2:0:1:0: [sdb] Incomplete mode parameter data
[   10.976204] sd 2:0:1:0: [sdb] Assuming drive cache: write through
[   11.022241]  sda: sda1
[   11.060872] sd 2:0:1:0: [sdb] Attached SCSI disk
[   11.112494] sd 2:0:0:0: [sda] Attached SCSI disk
[   11.349035] e1000 0000:00:08.0 eth1: (PCI:33MHz:32-bit) 08:00:27:03:3e:dc
[   11.376495] e1000 0000:00:08.0 eth1: Intel(R) PRO/1000 Network Connection
[   11.407901] e1000 0000:00:08.0 enp0s8: renamed from eth1
[   11.477003] e1000 0000:00:03.0 enp0s3: renamed from eth0
[   11.759357] floppy0: no floppy controllers found
Begin: Loading e[   13.195400] md: linear personality registered for level -1
ssential drivers[   13.380026] md: multipath personality registered for level -4
 ... [   13.439331] md: raid0 personality registered for level 0
[   13.469678] md: raid1 personality registered for level 1
[   13.595445] raid6: sse2x1   gen()  9977 MB/s
[   13.835377] raid6: sse2x1   xor()  7680 MB/s
[   13.955365] raid6: sse2x2   gen() 12327 MB/s
[   14.115384] raid6: sse2x2   xor()  5876 MB/s
[   14.335339] raid6: sse2x4   gen() 14408 MB/s
[   14.585301] raid6: sse2x4   xor()  9591 MB/s
[   14.735649] raid6: using algorithm sse2x4 gen() 14408 MB/s
[   14.935665] raid6: .... xor() 9591 MB/s, rmw enabled
[   15.085653] raid6: using ssse3x2 recovery algorithm
[   15.168730] xor: automatically using best checksumming function:
[   15.275223]    avx       : 46107.000 MB/sec
[   15.298153] async_tx: api initialized (async)
[   15.329391] md: raid6 personality registered for level 6
[   15.356143] md: raid5 personality registered for level 5
[   15.357068] md: raid4 personality registered for level 4
[   15.380764] md: raid10 personality registered for level 10
done.
Begin: Running /scripts/init-premount ... done[   15.445634] Btrfs loaded
.
Begin: Mounting root file system ... Begin: Running /scripts/local-top ... done.
Begin: Running /scripts/local-premount ... Scanning for Btrfs filesystems
done.
Warning: fsck not present, so skipping root file system
[   15.572735] EXT4-fs (sda1): mounted filesystem with ordered data mode. Opts: (null)
done.
Begin: Running /scripts/local-bottom ... done.
Begin: Running /scripts/init-bottom ... done.
[   16.379822] random: nonblocking pool is initialized
[   16.614575] systemd[1]: systemd 229 running in system mode. (+PAM +AUDIT +SELINUX +IMA +APPARMOR +SMACK +SYSVINIT +UTMP +LIBCRYPTSETUP +GCRYPT +GNUTLS +ACL +XZ -LZ4 +SECCOMP +BLKID +ELFUTILS +KMOD -IDN)
[   17.236244] systemd[1]: Detected virtualization oracle.
[   17.315918] systemd[1]: Detected architecture x86-64.

Welcome to [1mUbuntu 16.04.2 LTS[0m!

[   17.403716] systemd[1]: Set hostname to <ubuntu-xenial>.
[   18.576338] systemd[1]: Listening on LVM2 metadata daemon socket.
[[0;32m  OK  [0m] Listening on LVM2 metadata daemon socket.
[   18.691243] systemd[1]: Listening on LVM2 poll daemon socket.
[[0;32m  OK  [0m] Listening on LVM2 poll daemon socket.
[   18.772562] systemd[1]: Started Trigger resolvconf update for networkd DNS.
[[0;32m  OK  [0m] Started Trigger resolvconf update for networkd DNS.
[   18.787486] systemd[1]: Started Forward Password Requests to Wall Directory Watch.
[[0;32m  OK  [0m] Started Forward Password Requests to Wall Directory Watch.
[   18.792536] systemd[1]: Listening on Syslog Socket.
[[0;32m  OK  [0m] Listening on Syslog Socket.
[   18.817910] systemd[1]: Reached target Swap.
[[0;32m  OK  [0m] Reached target Swap.
[   18.909884] systemd[1]: Listening on /dev/initctl Compatibility Named Pipe.
[[0;32m  OK  [0m] Listening on /dev/initctl Compatibility Named Pipe.
[   18.927893] systemd[1]: Set up automount Arbitrary Executable File Formats File System Automount Point.
[[0;32m  OK  [0m] Set up automount Arbitrary Executab...ats File System Automount Point.
[   19.025921] systemd[1]: Listening on Journal Socket (/dev/log).
[[0;32m  OK  [0m] Listening on Journal Socket (/dev/log).
[   19.158076] systemd[1]: Reached target Encrypted Volumes.
[[0;32m  OK  [0m] Reached target Encrypted Volumes.
[   19.161159] systemd[1]: Created slice System Slice.
[[0;32m  OK  [0m] Created slice System Slice.
[   19.225341] systemd[1]: Created slice system-serial\x2dgetty.slice.
[[0;32m  OK  [0m] Created slice system-serial\x2dgetty.slice.
[   19.232683] systemd[1]: Listening on udev Control Socket.
[[0;32m  OK  [0m] Listening on udev Control Socket.
[   19.287391] systemd[1]: Reached target User and Group Name Lookups.
[[0;32m  OK  [0m] Reached target User and Group Name Lookups.
[   19.298945] systemd[1]: Listening on Journal Audit Socket.
[[0;32m  OK  [0m] Listening on Journal Audit Socket.
[   19.314003] systemd[1]: Listening on Journal Socket.
[[0;32m  OK  [0m] Listening on Journal Socket.
[   19.319948] systemd[1]: Starting Create list of required static device nodes for the current kernel...
         Starting Create list of required st... nodes for the current kernel...
[   19.333207] systemd[1]: Mounting POSIX Message Queue File System...
         Mounting POSIX Message Queue File System...
[   19.338449] systemd[1]: Starting Uncomplicated firewall...
         Starting Uncomplicated firewall...
[   19.358256] systemd[1]: Starting Set console keymap...
         Starting Set console keymap...
[   19.391896] systemd[1]: Starting Journal Service...
         Starting Journal Service...
[   19.479869] systemd[1]: Starting Remount Root and Kernel File Systems...
         Starting Remount Root and Kernel File Systems...
[   19.549761] systemd[1]: Starting Nameserver information manager...
         Starting Nameserver information manager...
[   19.620194] systemd[1]: Mounting Debug File System...
         Mounting Debug File System...
[   19.629015] systemd[1]: Created slice User and Session Slice.
[[0;32m  OK  [0m] Created slice User and Session Slice.
[   19.632892] systemd[1]: Reached target Slices.
[   19.686769] EXT4-fs (sda1:: re-mounted. Otts: (null)
[[0;32m  OK  [0m] Reached target Slices.
[   19.953886] systemd[1]: Listening on Device-mapper event daemon FIFOs.
[[0;32m  OK  [0m] Listening on Device-mapper event daemon FIFOs.
[   19.963444] systemd[1]: Listening on udev Kernel Socket.
[[0;32m  OK  [0m] Listening on udev Kernel Socket.
[   20.055260] systemd[1]: Starting Load Kernel Modules...
         Starting Load Kernel Modules...
[   20.222933] systemd[1]: Mounting Huge Pages File System...
         Mounting Huge Pages File System...
[   20.302402] systemd[1]: Starting Monitoring of LVM2 mirrors, snapshots etc. using dmeventd or progress polling...
         Starting Monitoring of LVM2 mirrors... dmeventd or progress polling...
[   20.314556] systemd[1]: Mounted POSIX Message Queue File System.
[[0;32m  OK  [0m] Mounted POSIX Message Queue File System.
[   20.408615] systemd[1]: Mounted Huge Pages File System.
[[0;32m  OK  [0m] Mounted Huge Pages File System.
[   20.447695] systemd[1]: Mounted Debug File System.
[[0;32m  OK  [0m] Mounted Debug File System.
[   20.450458] systemd[1]: Started Journal Service.
[[0;32m  OK  [0m] Started Journal Service.
[[0;32m  OK  [0m[   20.457177] Loading iSCSI transport class v2.0-870.
] Started Create list of required sta...ce nodes for the current kernel.
[[0;32m  OK  [0m] Started Uncomplicated firewall.
[[0;32m  OK  [0m] Started Set console keymap.
[[0;32m  OK  [0m] Started Remou[   20.515821] iscsi: registered transport (tcp)
nt Root and Kernel File Systems.
[[0;32m  OK  [0m] Started Nameserver information manager.
[[0;32m  OK  [0m] Started LVM2 metadata daemon.
         Starting Load/Save Random Seed...
         Starting udev Coldplug all Devices...
         Starting Initial cloud-init job (pre-networking)...
         Starting Create Static Device Nodes in /dev...
         Starting Flush Journal to Persistent Storage...
[[0;32m  OK  [0m] Started Load/Save Random Seed.
[   20.853859] systemd-journald[383]: Received request to flush runtime journal from PID 1
[[0;32m  OK  [0m] Started udev Coldplug all Devices.
[   20.915423] iscsi: registered transport (iser)
[[0;32m  OK  [0m] Started Flush Journal to Persistent Storage.
[[0;32m  OK  [0m] Started Load Kernel Modules.
         Starting Apply Kernel Variables...
         Mounting FUSE Control File System...
[[0;32m  OK  [0m] Mounted FUSE Control File System.
[[0;32m  OK  [0m] Started Monitoring of LVM2 mirrors,...ng dmeventd or progress polling.
[[0;32m  OK  [0m] Started Apply Kernel Variables.
[[0;32m  OK  [0m] Started Create Static Device Nodes in /dev.
         Starting udev Kernel Device Manager...
[[0;32m  OK  [0m] Started udev Kernel Device Manager.
[[0;32m  OK  [0m] Reached target Local File Systems (Pre).
[[0;32m  OK  [0m] Reached target Local File Systems.
         Starting Set console font and keymap...
         Starting LSB: AppArmor initialization...
         Starting Tell Plymouth To Write Out Runtime Data...
         Starting Create Volatile Files and Directories...
[[0;32m  OK  [0m] Started Dispatch Password Requests to Console Directory Watch.
[[0;32m  OK  [0m] Started Tell Plymouth To Write Out Runtime Data.
[[0;32m  OK  [0m] Found device /dev/ttyS0.
[[0;32m  OK  [0m] Started Create Volatile Files and Directories.
         Starting Update UTMP about System Boot/Shutdown...
[[0;32m  OK  [0m] Reached target System Time Synchronized.
[[0;32m  OK  [0m] Started Set console font and keymap.
[[0;32m  OK  [0m] Created slice system-getty.slice.
[[0;32m  OK  [0m] Found device 82540EM Gigabit Ethern...r (PRO/1000 MT Desktop Adapter).
[[0;32m  OK  [0m] Started Update UTMP about System Boot/Shutdown.
[[0;32m  OK  [0m] Listening on Load/Save RF Kill Switch Status /dev/rfkill Watch.
[[0;32m  OK  [0m] Started LSB: AppArmor initialization.
[   25.147423] cloud-init[440]: Cloud-init v. 0.7.9 running 'init-local' at Tue, 16 May 2017 20:24:47 +0000. Up 24.61 seconds.
[[0;32m  OK  [0m] Started Initial cloud-init job (pre-networking).
[[0;32m  OK  [0m] Reached target Network (Pre).
[[0;32m  OK  [0m] Started ifup for enp0s8.
         Starting Raise network interfaces...
[[0;32m  OK  [0m] Started ifup for enp0s3.
[[0;32m  OK  [0m] Started Raise network interfaces.
[[0;32m  OK  [0m] Reached target Network.
         Starting Initial cloud-init job (metadata service crawler)...
[   26.615631] cloud-init[1062]: Cloud-init v. 0.7.9 running 'init' at Tue, 16 May 2017 20:24:48 +0000. Up 25.86 seconds.
[[0;32m  OK  [0m] Started Initial cloud-init job (metadata service crawler).
[[0;32m  OK  [0m] Reached target System Initialization.
[   26.691932] cloud-init[1062]: ci-info: ++++++++++++++++++++++++++++++++++++++Net device info++++++++++++++++++++++++++++++++++++++
[   26.728532] cloud-init[1062]: ci-info: +--------+------+-----------------------------+---------------+-------+-------------------+
[[0;32m  OK  [0m] Started Daily apt activities.
[   26.754928] cloud-init[1062]: ci-info: | Device |  Up  |           Address           |      Mask     | Scope |     Hw-Address    |
[   26.757973] cloud-init[1062]: ci-info: +--------+------+-----------------------------+---------------+-------+-------------------+
[[0;32m  OK  [0m] Listening on UUID daemon activation socket.
[   26.763676] cloud-init[1062]: ci-info: | enp0s3 | True |          10.0.2.15          | 255.255.255.0 |   .   | 02:34:2b:8a:66:27 |
[   26.777876] cloud-init[1062]: ci-info: | enp0s3 | True |  fe80::34:2bff:fe8a:6627/64 |       .       |  link | 02:34:2b:8a:66:27 |
[[0;32m  OK  [0m] Started Timer to automatically refresh installed snaps.[   26.784299] cloud-init[1062]: ci-info: | enp0s8 | True |        192.168.10.10        | 255.255.255.0 |   .   | 08:00:27:03:3e:dc |
[   26.785879] cloud-init[1062]: ci-info: | enp0s8 | True | fe80::a00:27ff:fe03:3edc/64 |       .       |  link | 08:00:27:03:3e:dc |
[   26.785949] cloud-init[1062]: ci-info: |   lo   | True |          127.0.0.1          |   255.0.0.0   |   .   |         .         |
[   26.786007] cloud-init[1062]: ci-info: |   lo   | True |           ::1/128           |       .       |  host |         .         |
[   26.786066] cloud-init[1062]: ci-info: +--------+------+-----------------------------+---------------+-------+-------------------+
[   26.786162] cloud-init[1062]: ci-info: ++++++++++++++++++++++++++++Route IPv4 info++++++++++++++++++++++++++++
[   26.786248] cloud-init[1062]: ci-info: +-------+--------------+----------+---------------+-----------+-------+
[   26.786314] cloud-init[1062]: ci-info: | Route | Destination  | Gateway  |    Genmask    | Interface | Flags |
[   26.786408] cloud-init[1062]: ci-info: +-------+--------------+----------+---------------+-----------+-------+
[   26.786486] cloud-init[1062]: ci-info: |   0   |   0.0.0.0    | 10.0.2.2 |    0.0.0.0    |   enp0s3  |   UG  |
[   26.786576] cloud-init[1062]: ci-info: |   1   |   10.0.2.0   | 0.0.0.0  | 255.255.255.0 |   enp0s3  |   U   |
[   26.786668] cloud-init[1062]: ci-info: |   2   | 192.168.10.0 | 0.0.0.0  | 255.255.255.0 |   enp0s8  |   U   |
[   26.786745] cloud-init[1062]: ci-info: +-------+--------------+----------+---------------+-----------+-------+

         Starting Socket activation for snappy daemon.
[[0;32m  OK  [0m] Listening on D-Bus System Message Bus Socket.
         Starting LXD - unix socket.
[[0;32m  OK  [0m] Started ACPI Events Check.
[[0;32m  OK  [0m] Reached target Paths.
[[0;32m  OK  [0m] Started Daily Cleanup of Temporary Directories.
[[0;32m  OK  [0m] Reached target Timers.
[[0;32m  OK  [0m] Listening on ACPID Listen Socket.
[[0;32m  OK  [0m] Reached target Network is Online.
         Starting iSCSI initiator daemon (iscsid)...
[[0;32m  OK  [0m] Reached target Cloud-config availability.
[[0;32m  OK  [0m] Listening on Socket activation for snappy daemon.
[[0;32m  OK  [0m] Listening on LXD - unix socket.
[[0;32m  OK  [0m] Reached target Sockets.
[[0;32m  OK  [0m] Reached target Basic System.
         Starting LSB: MD monitoring daemon...
         Starting Login Service...
         Starting Apply the settings specified in cloud-config...
[[0;32m  OK  [0m] Started Unattended Upgrades Shutdown.
[[0;32m  OK  [0m] Started Regular background program processing daemon.
         Starting LXD - container startup/shutdown...
         Starting System Logging Service...
         Starting LSB: Record successful boot for GRUB...
[[0;32m  OK  [0m] Started ACPI event daemon.
[[0;32m  OK  [0m] Started Deferred execution scheduler.
         Starting /etc/rc.local Compatibility...
         Starting Accounts Service...
[[0;32m  OK  [0m] Started FUSE filesystem for LXC.
         Starting OpenBSD Secure Shell server...
[[0;32m  OK  [0m] Started D-Bus System Message Bus.
[   27.730852] cloud-init[1124]: Cloud-init v. 0.7.9 running 'modules:config' at Tue, 16 May 2017 20:24:49 +0000. Up 27.26 seconds.
[[0;32m  OK  [0m] Started Snappy daemon.
         Starting Auto import assertions from block devices...
[[0;32m  OK  [0m] Started System Logging Service.
[[0;32m  OK  [0m] Started iSCSI initiator daemon (iscsid).
[[0;32m  OK  [0m] Started Apply the settings specified in cloud-config.
[[0;32m  OK  [0m] Started /etc/rc.local Compatibility.
[[0;32m  OK  [0m] Started Auto import assertions from block devices.
[[0;32m  OK  [0m] Started Login Service.
         Starting Login to default iSCSI targets...
[[0;32m  OK  [0m] Started OpenBSD Secure Shell server.
[[0;32m  OK  [0m] Started LSB: Record successful boot for GRUB.
         Starting Authenticate and Authorize Users to Run Privileged Tasks...
[[0;32m  OK  [0m] Started Login to default iSCSI targets.
[[0;32m  OK  [0m] Reached target Remote File Systems (Pre).
[[0;32m  OK  [0m] Reached target Remote File Systems.
         Starting LSB: Set the CPU Frequency Scaling governor to "ondemand"...
         Starting Permit User Sessions...
         Starting LSB: automatic crash report generation...
         Starting LSB: daemon to balance interrupts for SMP systems...
         Starting LSB: VirtualBox Linux Additions...
[[0;32m  OK  [0m] Started LSB: Set the CPU Frequency Scaling governor to "ondemand".
[[0;32m  OK  [0m] Started Permit User Sessions.
         Starting Hold until boot process finishes up...
         Starting Terminate Plymouth Boot Screen...
[[0;32m  OK  [0m] Started Hold until boot process finishes up.
[[0;32m  OK  [0m] Started Terminate Plymouth Boot Screen.
[[0;32m  OK  [0m] Started Serial Getty on ttyS0.
         Starting Set console scheme...
[[0;32m  OK  [0m] Started Getty on tty1.
[[0;32m  OK  [0m] Reached target Login Prompts.
[[0;32m  OK  [0m] Started LSB: MD monitoring daemon.
[[0;32m  OK  [0m] Started LSB: daemon to balance interrupts for SMP systems.
[[0;32m  OK  [0m] Started Set console scheme.
[[0;32m  OK  [0m] Started LSB: automatic crash report generation.
[[0;32m  OK  [0m] Started Authenticate and Authorize Users to Run Privileged Tasks.
[[0;32m  OK  [0m] Started Accounts Service.
[[0;32m  OK  [0m] Started LSB: VirtualBox Linux Additions.
[[0;32m  OK  [0m] Started LXD - container startup/shutdown.
[[0;32m  OK  [0m] Reached target Multi-User System.
[[0;32m  OK  [0m] Reached target Graphical Interface.
         Starting Update UTMP about System Runlevel Changes...
         Starting Execute cloud user/final scripts...
[[0;32m  OK  [0m] Started Update UTMP about System Runlevel Changes.
[[0;32m  OK  [0m] Created slice User Slice of ubuntu.
         Starting User Manager for UID 1000...
[[0;32m  OK  [0m] Started Session 1 of user ubuntu.
[[0;32m  OK  [0m] Started User Manager for UID 1000.
[   31.573039] cloud-init[1314]: Cloud-init v. 0.7.9 running 'modules:final' at Tue, 16 May 2017 20:24:53 +0000. Up 31.24 seconds.
[[0;32m  OK  [0m] Started Execute cloud user/final scripts.
[   31.649696] cloud-init[1314]: Cloud-init v. 0.7.9 finished at Tue, 16 May 2017 20:24:54 +0000. Datasource DataSourceNoCloud [seed=/dev/sdb][dsmode=net].  Up 31.56 seconds
[[0;32m  OK  [0m] Reached target Cloud-init target.

Ubuntu 16.04.2 LTS ubuntu-xenial ttyS0

ubuntu-xenial login: 